<?xml version="1.0" encoding="UTF-8"?>
<!-- Generated by org.testng.reporters.JUnitReportReporter -->
<testsuite hostname="DESKTOP-RSFGGM3" failures="0" tests="6" name="api.test.DDtests" time="16.080" errors="0" timestamp="2023-05-08T16:49:38 IST" skipped="0">
  <testcase classname="api.test.DDtests" name="testPostuser" time="2.555"/>
  <system-out/>
  <testcase classname="api.test.DDtests" name="testPostuser" time="7.341"/>
  <system-out/>
  <testcase classname="api.test.DDtests" name="testPostuser" time="1.513"/>
  <system-out/>
  <testcase classname="api.test.DDtests" name="testDeleteuserByNames" time="1.485"/>
  <system-out/>
  <testcase classname="api.test.DDtests" name="testDeleteuserByNames" time="1.604"/>
  <system-out/>
  <testcase classname="api.test.DDtests" name="testDeleteuserByNames" time="1.582"/>
  <system-out/>
</testsuite> <!-- api.test.DDtests -->
