<?xml version="1.0" encoding="UTF-8"?>
<!-- Generated by org.testng.reporters.JUnitReportReporter -->
<testsuite hostname="DESKTOP-RSFGGM3" failures="0" tests="4" name="api.test.Usertest" time="12.093" errors="0" timestamp="2023-05-01T18:45:15 IST" skipped="0">
  <testcase classname="api.test.Usertest" name="testpostuser" time="5.246"/>
  <system-out/>
  <testcase classname="api.test.Usertest" name="testGetuserByName" time="1.753"/>
  <system-out/>
  <testcase classname="api.test.Usertest" name="testUpdateuserByName" time="3.467"/>
  <system-out/>
  <testcase classname="api.test.Usertest" name="testDeleteuserByName" time="1.627"/>
  <system-out/>
</testsuite> <!-- api.test.Usertest -->
