<?xml version="1.0" encoding="UTF-8"?>
<!-- Generated by org.testng.reporters.JUnitReportReporter -->
<testsuite hostname="DESKTOP-RSFGGM3" failures="0" tests="4" name="api.test.Usertest" time="10.813" errors="0" timestamp="2023-05-03T20:52:43 IST" skipped="0">
  <testcase classname="api.test.Usertest" name="testpostuser" time="4.840"/>
  <system-out/>
  <testcase classname="api.test.Usertest" name="testGetuserByName" time="1.482"/>
  <system-out/>
  <testcase classname="api.test.Usertest" name="testUpdateuserByName" time="3.109"/>
  <system-out/>
  <testcase classname="api.test.Usertest" name="testDeleteuserByName" time="1.382"/>
  <system-out/>
</testsuite> <!-- api.test.Usertest -->
